<?xml version="1.0" encoding="UTF-8"?>
<testng-results skipped="0" failed="0" total="3" passed="3">
  <reporter-output>
  </reporter-output>
  <suite name="Default suite" duration-ms="24656" started-at="2014-06-05T18:49:14Z" finished-at="2014-06-05T18:49:39Z">
    <groups>
    </groups>
    <test name="Default test" duration-ms="24656" started-at="2014-06-05T18:49:14Z" finished-at="2014-06-05T18:49:39Z">
      <class name="com.example.tests.GroupCreationTests">
        <test-method status="PASS" signature="setUp()[pri:0, instance:com.example.tests.GroupCreationTests@19a13d9]" name="setUp" is-config="true" duration-ms="8718" started-at="2014-06-05T22:49:14Z" finished-at="2014-06-05T22:49:23Z">
          <reporter-output>
          </reporter-output>
        </test-method> <!-- setUp -->
        <test-method status="PASS" signature="testCreateContact()[pri:0, instance:com.example.tests.GroupCreationTests@19a13d9]" name="testCreateContact" duration-ms="8187" started-at="2014-06-05T22:49:23Z" finished-at="2014-06-05T22:49:31Z">
          <reporter-output>
          </reporter-output>
        </test-method> <!-- testCreateContact -->
        <test-method status="PASS" signature="testEmptyGroupCreation()[pri:0, instance:com.example.tests.GroupCreationTests@19a13d9]" name="testEmptyGroupCreation" duration-ms="3610" started-at="2014-06-05T22:49:31Z" finished-at="2014-06-05T22:49:35Z">
          <reporter-output>
          </reporter-output>
        </test-method> <!-- testEmptyGroupCreation -->
        <test-method status="PASS" signature="testNonEmptyGroupCreation()[pri:0, instance:com.example.tests.GroupCreationTests@19a13d9]" name="testNonEmptyGroupCreation" duration-ms="3797" started-at="2014-06-05T22:49:35Z" finished-at="2014-06-05T22:49:39Z">
          <reporter-output>
          </reporter-output>
        </test-method> <!-- testNonEmptyGroupCreation -->
        <test-method status="PASS" signature="tearDown()[pri:0, instance:com.example.tests.GroupCreationTests@19a13d9]" name="tearDown" is-config="true" duration-ms="297" started-at="2014-06-05T22:49:39Z" finished-at="2014-06-05T22:49:39Z">
          <reporter-output>
          </reporter-output>
        </test-method> <!-- tearDown -->
      </class> <!-- com.example.tests.GroupCreationTests -->
    </test> <!-- Default test -->
  </suite> <!-- Default suite -->
</testng-results>
