<?xml version="1.0" encoding="UTF-8"?>
<!-- Generated by org.testng.reporters.JUnitXMLReporter -->
<testsuite hostname="microsof-61a05c" name="Default test" tests="3" failures="0" timestamp="5 Jun 2014 18:49:39 GMT" time="24.656" errors="0">
  <testcase name="testCreateContact" time="8.187" classname="com.example.tests.GroupCreationTests"/>
  <testcase name="testEmptyGroupCreation" time="3.61" classname="com.example.tests.GroupCreationTests"/>
  <testcase name="testNonEmptyGroupCreation" time="3.797" classname="com.example.tests.GroupCreationTests"/>
</testsuite> <!-- Default test -->
